<?xml version="1.0" encoding="UTF-8"?>
<!-- Generated by org.testng.reporters.JUnitXMLReporter -->
<testsuite hostname="FIAZ" ignored="0" name="Test" tests="4" failures="0" timestamp="2020-11-24T16:33:20 PKT" time="19.113" errors="0">
  <testcase name="VerifyHomepage" time="0.03" classname="tests.AutomatedTesterTests"/>
  <testcase name="ClickChapter1" time="0.869" classname="tests.AutomatedTesterTests"/>
  <testcase name="VerifyText" time="0.097" classname="tests.AutomatedTesterTests"/>
  <testcase name="NavigateToHome" time="0.622" classname="tests.AutomatedTesterTests"/>
</testsuite> <!-- Test -->
