<?xml version="1.0" encoding="UTF-8"?>
<!-- Generated by org.testng.reporters.JUnitXMLReporter -->
<testsuite hostname="DESKTOP-QD7GK1O" ignored="0" name="Test" tests="4" failures="0" timestamp="2020-11-24T16:53:02 PKT" time="19.667" errors="0">
  <testcase name="VerifyHomepage" time="0.014" classname="tests.AutomatedTesterTests"/>
  <testcase name="ClickChapter1" time="0.51" classname="tests.AutomatedTesterTests"/>
  <testcase name="VerifyText" time="0.055" classname="tests.AutomatedTesterTests"/>
  <testcase name="NavigateToHome" time="0.557" classname="tests.AutomatedTesterTests"/>
</testsuite> <!-- Test -->
